<?xml version="1.0" encoding="UTF-8"?>
<!-- Generated by org.testng.reporters.JUnitXMLReporter -->
<testsuite hostname="DESKTOP-AP99NFS" ignored="0" name="Regression" tests="3" failures="0" timestamp="2020-06-16T17:38:11 PDT" time="25.852" errors="0">
  <testcase name="addToCart" time="0.487" classname="tests.AddItemsTest"/>
  <testcase name="cart" time="0.203" classname="tests.AddItemsTest"/>
  <testcase name="checkOut" time="6.774" classname="tests.AddItemsTest"/>
</testsuite> <!-- Regression -->
